S1: isEmptyLobby()
R1: OK!(false)
S2: setName("b")
S3: startGame()
R2: OK!(true)
S4: myTurn()
R3: OK!(1)
S5: myTurn()
R4: OK!(1)
S6: show()
R5: OK!("--------------------

	      Name	-	       Die	-	Position
1.	         a	-	    Normal 6 (x1)	-	0/100
2.	         b	-	    Normal 6 (x1)	-	0/100
--------------------")
S7: play()
R6: OK!("b has moved forward 4 positions
b has dealt the card: "You now use a cursed EIGHT-sided die"
")
S8: myTurn()
R7: OK!(0)
S9: show()
R8: OK!("--------------------
b has moved forward 4 positions
b has dealt the card: "You now use a cursed EIGHT-sided die"

	      Name	-	       Die	-	Position
1.	         a	-	    Normal 6 (x1)	-	0/100
2.	         b	-	    Cursed 8 (x1)	-	4/100
--------------------")
S10: myTurn()
R9: OK!(0)
S11: show()
R10: OK!("--------------------
b has moved forward 4 positions
b has dealt the card: "You now use a cursed EIGHT-sided die"

	      Name	-	       Die	-	Position
1.	         a	-	    Normal 6 (x1)	-	0/100
2.	         b	-	    Cursed 8 (x1)	-	4/100
--------------------")
S12: myTurn()
R11: OK!(1)
S13: show()
R12: OK!("--------------------
a has moved forward 2 positions
a has dealt the card: "You now use a cursed TWENTY-sided die"

	      Name	-	       Die	-	Position
1.	         a	-	    Cursed 20 (x1)	-	2/100
2.	         b	-	    Cursed 8 (x1)	-	4/100
--------------------")
S14: play()
R13: OK!("b has moved backwards -4 positions
b has dealt the card: "Go forward 10 positions"
")
S15: myTurn()
R14: OK!(0)
S16: show()
R15: OK!("--------------------
b has moved backwards -4 positions
b has dealt the card: "Go forward 10 positions"

	      Name	-	       Die	-	Position
1.	         a	-	    Cursed 20 (x1)	-	2/100
2.	         b	-	    Cursed 8 (x1)	-	10/100
--------------------")
S17: myTurn()
R16: OK!(0)
S18: show()
R17: OK!("--------------------
b has moved backwards -4 positions
b has dealt the card: "Go forward 10 positions"

	      Name	-	       Die	-	Position
1.	         a	-	    Cursed 20 (x1)	-	2/100
2.	         b	-	    Cursed 8 (x1)	-	10/100
--------------------")
S19: myTurn()
R18: OK!(0)
S20: show()
R19: OK!("--------------------
b has moved backwards -4 positions
b has dealt the card: "Go forward 10 positions"

	      Name	-	       Die	-	Position
1.	         a	-	    Cursed 20 (x1)	-	2/100
2.	         b	-	    Cursed 8 (x1)	-	10/100
--------------------")
S21: myTurn()
R20: OK!(0)
S22: show()
R21: OK!("--------------------
b has moved backwards -4 positions
b has dealt the card: "Go forward 10 positions"

	      Name	-	       Die	-	Position
1.	         a	-	    Cursed 20 (x1)	-	2/100
2.	         b	-	    Cursed 8 (x1)	-	10/100
--------------------")
S23: myTurn()
R22: OK!(1)
S24: show()
R23: OK!("--------------------
a has moved forward 6 positions
a has dealt the card: "You now use a cursed THREE-sided die"

	      Name	-	       Die	-	Position
1.	         a	-	    Cursed 3 (x1)	-	8/100
2.	         b	-	    Cursed 8 (x1)	-	10/100
--------------------")
S25: play()
R24: OK!("b has moved forward 1 positions
b has dealt the card: "You now lose 9 turns"
")
S26: myTurn()
R25: OK!(0)
S27: show()
R26: OK!("--------------------
b has moved forward 1 positions
b has dealt the card: "You now lose 9 turns"

	      Name	-	       Die	-	Position
1.	         a	-	    Cursed 3 (x1)	-	8/100
2.	         b	-	    Cursed 8 (x1)	-	11/100
--------------------")
S28: myTurn()
R27: OK!(0)
S29: show()
R28: OK!("--------------------
b has moved forward 1 positions
b has dealt the card: "You now lose 9 turns"

	      Name	-	       Die	-	Position
1.	         a	-	    Cursed 3 (x1)	-	8/100
2.	         b	-	    Cursed 8 (x1)	-	11/100
--------------------")
S30: myTurn()
R29: OK!(1)
S31: show()
R30: OK!("--------------------
a has moved forward 1 positions
a has dealt the card: "You now use a cursed SIX-sided die"

	      Name	-	       Die	-	Position
1.	         a	-	    Cursed 6 (x1)	-	9/100
2.	         b	-	    Cursed 8 (x1)	-	11/100
--------------------")
S32: play()
R31: OK!("You skip this turn!
Skip turns left: 8
")
S33: myTurn()
R32: OK!(0)
S34: show()
R33: OK!("--------------------
You skip this turn!
Skip turns left: 8

	      Name	-	       Die	-	Position
1.	         a	-	    Cursed 6 (x1)	-	9/100
2.	         b	-	    Cursed 8 (x1)	-	11/100
--------------------")
S35: myTurn()
R34: OK!(0)
S36: show()
R35: OK!("--------------------
You skip this turn!
Skip turns left: 8

	      Name	-	       Die	-	Position
1.	         a	-	    Cursed 6 (x1)	-	9/100
2.	         b	-	    Cursed 8 (x1)	-	11/100
--------------------")
S37: myTurn()
R36: OK!(1)
S38: show()
R37: OK!("--------------------
a has moved backwards -4 positions
a has dealt the card: "You now use a normal THREE-sided die"

	      Name	-	       Die	-	Position
1.	         a	-	    Normal 3 (x1)	-	5/100
2.	         b	-	    Cursed 8 (x1)	-	11/100
--------------------")
S39: play()
R38: OK!("You skip this turn!
Skip turns left: 7
")
S40: myTurn()
R39: OK!(0)
S41: show()
R40: OK!("--------------------
You skip this turn!
Skip turns left: 7

	      Name	-	       Die	-	Position
1.	         a	-	    Normal 3 (x1)	-	5/100
2.	         b	-	    Cursed 8 (x1)	-	11/100
--------------------")
S42: myTurn()
R41: OK!(0)
S43: show()
R42: OK!("--------------------
You skip this turn!
Skip turns left: 7

	      Name	-	       Die	-	Position
1.	         a	-	    Normal 3 (x1)	-	5/100
2.	         b	-	    Cursed 8 (x1)	-	11/100
--------------------")
S44: myTurn()
R43: OK!(1)
S45: show()
R44: OK!("--------------------
a has moved forward 2 positions
a has dealt the card: "You now use a normal SIX-sided die"

	      Name	-	       Die	-	Position
1.	         a	-	    Normal 6 (x1)	-	7/100
2.	         b	-	    Cursed 8 (x1)	-	11/100
--------------------")
S46: play()
R45: OK!("You skip this turn!
Skip turns left: 6
")
S47: myTurn()
R46: OK!(0)
S48: show()
R47: OK!("--------------------
You skip this turn!
Skip turns left: 6

	      Name	-	       Die	-	Position
1.	         a	-	    Normal 6 (x1)	-	7/100
2.	         b	-	    Cursed 8 (x1)	-	11/100
--------------------")
S49: myTurn()
R48: OK!(0)
S50: show()
R49: OK!("--------------------
You skip this turn!
Skip turns left: 6

	      Name	-	       Die	-	Position
1.	         a	-	    Normal 6 (x1)	-	7/100
2.	         b	-	    Cursed 8 (x1)	-	11/100
--------------------")
S51: myTurn()
R50: OK!(1)
S52: show()
R51: OK!("--------------------
a has moved forward 5 positions
a has dealt the card: "Go backwards 10 positions"

	      Name	-	       Die	-	Position
1.	         a	-	    Normal 6 (x1)	-	2/100
2.	         b	-	    Cursed 8 (x1)	-	11/100
--------------------")
S53: play()
R52: OK!("You skip this turn!
Skip turns left: 5
")
S54: myTurn()
R53: OK!(0)
S55: show()
R54: OK!("--------------------
You skip this turn!
Skip turns left: 5

	      Name	-	       Die	-	Position
1.	         a	-	    Normal 6 (x1)	-	2/100
2.	         b	-	    Cursed 8 (x1)	-	11/100
--------------------")
S56: myTurn()
R55: OK!(0)
S57: show()
R56: OK!("--------------------
You skip this turn!
Skip turns left: 5

	      Name	-	       Die	-	Position
1.	         a	-	    Normal 6 (x1)	-	2/100
2.	         b	-	    Cursed 8 (x1)	-	11/100
--------------------")
S58: myTurn()
R57: OK!(1)
S59: show()
R58: OK!("--------------------
a has moved forward 2 positions
a has dealt the card: "You now have no die"

	      Name	-	       Die	-	Position
1.	         a	-	    Normal 6 (x0)	-	4/100
2.	         b	-	    Cursed 8 (x1)	-	11/100
--------------------")
S60: play()
R59: OK!("You skip this turn!
Skip turns left: 4
")
S61: myTurn()
R60: OK!(0)
S62: show()
R61: OK!("--------------------
You skip this turn!
Skip turns left: 4

	      Name	-	       Die	-	Position
1.	         a	-	    Normal 6 (x0)	-	4/100
2.	         b	-	    Cursed 8 (x1)	-	11/100
--------------------")
S63: myTurn()
R62: OK!(0)
S64: show()
R63: OK!("--------------------
You skip this turn!
Skip turns left: 4

	      Name	-	       Die	-	Position
1.	         a	-	    Normal 6 (x0)	-	4/100
2.	         b	-	    Cursed 8 (x1)	-	11/100
--------------------")
S65: myTurn()
R64: OK!(1)
S66: show()
R65: OK!("--------------------
a has moved forward 0 positions
a has dealt the card: "You now have 3 dice"

	      Name	-	       Die	-	Position
1.	         a	-	    Normal 6 (x3)	-	4/100
2.	         b	-	    Cursed 8 (x1)	-	11/100
--------------------")
S67: play()
R66: OK!("You skip this turn!
Skip turns left: 3
")
S68: myTurn()
R67: OK!(0)
S69: show()
R68: OK!("--------------------
You skip this turn!
Skip turns left: 3

	      Name	-	       Die	-	Position
1.	         a	-	    Normal 6 (x3)	-	4/100
2.	         b	-	    Cursed 8 (x1)	-	11/100
--------------------")
S70: myTurn()
R69: OK!(0)
S71: show()
R70: OK!("--------------------
You skip this turn!
Skip turns left: 3

	      Name	-	       Die	-	Position
1.	         a	-	    Normal 6 (x3)	-	4/100
2.	         b	-	    Cursed 8 (x1)	-	11/100
--------------------")
S72: myTurn()
R71: OK!(1)
S73: show()
R72: OK!("--------------------
a has moved forward 11 positions
a has dealt the card: "You now lose 6 turns"

	      Name	-	       Die	-	Position
1.	         a	-	    Normal 6 (x3)	-	15/100
2.	         b	-	    Cursed 8 (x1)	-	11/100
--------------------")
S74: play()
R73: OK!("You skip this turn!
Skip turns left: 2
")
S75: myTurn()
R74: OK!(0)
S76: show()
R75: OK!("--------------------
You skip this turn!
Skip turns left: 2

	      Name	-	       Die	-	Position
1.	         a	-	    Normal 6 (x3)	-	15/100
2.	         b	-	    Cursed 8 (x1)	-	11/100
--------------------")
S77: myTurn()
R76: OK!(0)
S78: show()
R77: OK!("--------------------
You skip this turn!
Skip turns left: 2

	      Name	-	       Die	-	Position
1.	         a	-	    Normal 6 (x3)	-	15/100
2.	         b	-	    Cursed 8 (x1)	-	11/100
--------------------")
S79: myTurn()
R78: OK!(1)
S80: show()
R79: OK!("--------------------
You skip this turn!
Skip turns left: 5

	      Name	-	       Die	-	Position
1.	         a	-	    Normal 6 (x3)	-	15/100
2.	         b	-	    Cursed 8 (x1)	-	11/100
--------------------")
S81: play()
R80: OK!("You skip this turn!
Skip turns left: 1
")
S82: myTurn()
R81: OK!(0)
S83: show()
R82: OK!("--------------------
You skip this turn!
Skip turns left: 1

	      Name	-	       Die	-	Position
1.	         a	-	    Normal 6 (x3)	-	15/100
2.	         b	-	    Cursed 8 (x1)	-	11/100
--------------------")
S84: myTurn()
R83: OK!(0)
S85: show()
R84: OK!("--------------------
You skip this turn!
Skip turns left: 1

	      Name	-	       Die	-	Position
1.	         a	-	    Normal 6 (x3)	-	15/100
2.	         b	-	    Cursed 8 (x1)	-	11/100
--------------------")
S86: myTurn()
R85: OK!(1)
S87: show()
R86: OK!("--------------------
You skip this turn!
Skip turns left: 4

	      Name	-	       Die	-	Position
1.	         a	-	    Normal 6 (x3)	-	15/100
2.	         b	-	    Cursed 8 (x1)	-	11/100
--------------------")
S88: play()
R87: OK!("You skip this turn!
Skip turns left: 0
")
S89: myTurn()
R88: OK!(0)
S90: show()
R89: OK!("--------------------
You skip this turn!
Skip turns left: 0

	      Name	-	       Die	-	Position
1.	         a	-	    Normal 6 (x3)	-	15/100
2.	         b	-	    Cursed 8 (x1)	-	11/100
--------------------")
S91: myTurn()
R90: OK!(0)
S92: show()
R91: OK!("--------------------
You skip this turn!
Skip turns left: 0

	      Name	-	       Die	-	Position
1.	         a	-	    Normal 6 (x3)	-	15/100
2.	         b	-	    Cursed 8 (x1)	-	11/100
--------------------")
S93: myTurn()
R92: OK!(1)
S94: show()
R93: OK!("--------------------
You skip this turn!
Skip turns left: 3

	      Name	-	       Die	-	Position
1.	         a	-	    Normal 6 (x3)	-	15/100
2.	         b	-	    Cursed 8 (x1)	-	11/100
--------------------")
S95: play()
R94: OK!("b has moved backwards -8 positions
b has dealt the card: "Your die is now cursed/normal"
")
S96: myTurn()
R95: OK!(0)
S97: show()
R96: OK!("--------------------
b has moved backwards -8 positions
b has dealt the card: "Your die is now cursed/normal"

	      Name	-	       Die	-	Position
1.	         a	-	    Normal 6 (x3)	-	15/100
2.	         b	-	    Normal 8 (x1)	-	3/100
--------------------")
S98: myTurn()
R97: OK!(0)
S99: show()
R98: OK!("--------------------
b has moved backwards -8 positions
b has dealt the card: "Your die is now cursed/normal"

	      Name	-	       Die	-	Position
1.	         a	-	    Normal 6 (x3)	-	15/100
2.	         b	-	    Normal 8 (x1)	-	3/100
--------------------")
S100: myTurn()
R99: OK!(1)
S101: show()
R100: OK!("--------------------
You skip this turn!
Skip turns left: 2

	      Name	-	       Die	-	Position
1.	         a	-	    Normal 6 (x3)	-	15/100
2.	         b	-	    Normal 8 (x1)	-	3/100
--------------------")
S102: play()
R101: OK!("b has moved forward 6 positions
b has dealt the card: "You now use a normal TEN-sided die"
")
S103: myTurn()
R102: OK!(0)
S104: show()
R103: OK!("--------------------
b has moved forward 6 positions
b has dealt the card: "You now use a normal TEN-sided die"

	      Name	-	       Die	-	Position
1.	         a	-	    Normal 6 (x3)	-	15/100
2.	         b	-	    Normal 10 (x1)	-	9/100
--------------------")
S105: myTurn()
R104: OK!(0)
S106: show()
R105: OK!("--------------------
b has moved forward 6 positions
b has dealt the card: "You now use a normal TEN-sided die"

	      Name	-	       Die	-	Position
1.	         a	-	    Normal 6 (x3)	-	15/100
2.	         b	-	    Normal 10 (x1)	-	9/100
--------------------")
S107: myTurn()
R106: OK!(1)
S108: show()
R107: OK!("--------------------
You skip this turn!
Skip turns left: 1

	      Name	-	       Die	-	Position
1.	         a	-	    Normal 6 (x3)	-	15/100
2.	         b	-	    Normal 10 (x1)	-	9/100
--------------------")
S109: play()
R108: OK!("b has moved forward 1 positions
b has dealt the card: "You now lose 8 turns"
")
S110: myTurn()
R109: OK!(0)
S111: show()
R110: OK!("--------------------
b has moved forward 1 positions
b has dealt the card: "You now lose 8 turns"

	      Name	-	       Die	-	Position
1.	         a	-	    Normal 6 (x3)	-	15/100
2.	         b	-	    Normal 10 (x1)	-	10/100
--------------------")
S112: myTurn()
R111: OK!(0)
S113: show()
R112: OK!("--------------------
b has moved forward 1 positions
b has dealt the card: "You now lose 8 turns"

	      Name	-	       Die	-	Position
1.	         a	-	    Normal 6 (x3)	-	15/100
2.	         b	-	    Normal 10 (x1)	-	10/100
--------------------")
S114: myTurn()
R113: OK!(1)
S115: show()
R114: OK!("--------------------
You skip this turn!
Skip turns left: 0

	      Name	-	       Die	-	Position
1.	         a	-	    Normal 6 (x3)	-	15/100
2.	         b	-	    Normal 10 (x1)	-	10/100
--------------------")
S116: play()
R115: OK!("You skip this turn!
Skip turns left: 7
")
S117: myTurn()
R116: OK!(0)
S118: show()
R117: OK!("--------------------
You skip this turn!
Skip turns left: 7

	      Name	-	       Die	-	Position
1.	         a	-	    Normal 6 (x3)	-	15/100
2.	         b	-	    Normal 10 (x1)	-	10/100
--------------------")
S119: myTurn()
R118: OK!(0)
S120: show()
R119: OK!("--------------------
You skip this turn!
Skip turns left: 7

	      Name	-	       Die	-	Position
1.	         a	-	    Normal 6 (x3)	-	15/100
2.	         b	-	    Normal 10 (x1)	-	10/100
--------------------")
S121: myTurn()
R120: OK!(1)
S122: show()
R121: OK!("--------------------
a has moved forward 8 positions
a has dealt the card: "You now lose 5 turns"

	      Name	-	       Die	-	Position
1.	         a	-	    Normal 6 (x3)	-	23/100
2.	         b	-	    Normal 10 (x1)	-	10/100
--------------------")
S123: play()
R122: OK!("You skip this turn!
Skip turns left: 6
")
S124: myTurn()
R123: OK!(0)
S125: show()
R124: OK!("--------------------
You skip this turn!
Skip turns left: 6

	      Name	-	       Die	-	Position
1.	         a	-	    Normal 6 (x3)	-	23/100
2.	         b	-	    Normal 10 (x1)	-	10/100
--------------------")
S126: myTurn()
R125: OK!(0)
S127: show()
R126: OK!("--------------------
You skip this turn!
Skip turns left: 6

	      Name	-	       Die	-	Position
1.	         a	-	    Normal 6 (x3)	-	23/100
2.	         b	-	    Normal 10 (x1)	-	10/100
--------------------")
S128: myTurn()
R127: OK!(1)
S129: show()
R128: OK!("--------------------
You skip this turn!
Skip turns left: 4

	      Name	-	       Die	-	Position
1.	         a	-	    Normal 6 (x3)	-	23/100
2.	         b	-	    Normal 10 (x1)	-	10/100
--------------------")
S130: play()
R129: OK!("You skip this turn!
Skip turns left: 5
")
S131: myTurn()
R130: OK!(0)
S132: show()
R131: OK!("--------------------
You skip this turn!
Skip turns left: 5

	      Name	-	       Die	-	Position
1.	         a	-	    Normal 6 (x3)	-	23/100
2.	         b	-	    Normal 10 (x1)	-	10/100
--------------------")
S133: myTurn()
R132: OK!(0)
S134: show()
R133: OK!("--------------------
You skip this turn!
Skip turns left: 5

	      Name	-	       Die	-	Position
1.	         a	-	    Normal 6 (x3)	-	23/100
2.	         b	-	    Normal 10 (x1)	-	10/100
--------------------")
S135: myTurn()
R134: OK!(1)
S136: show()
R135: OK!("--------------------
You skip this turn!
Skip turns left: 3

	      Name	-	       Die	-	Position
1.	         a	-	    Normal 6 (x3)	-	23/100
2.	         b	-	    Normal 10 (x1)	-	10/100
--------------------")
S137: play()
R136: OK!("You skip this turn!
Skip turns left: 4
")
S138: myTurn()
R137: OK!(0)
S139: show()
R138: OK!("--------------------
You skip this turn!
Skip turns left: 4

	      Name	-	       Die	-	Position
1.	         a	-	    Normal 6 (x3)	-	23/100
2.	         b	-	    Normal 10 (x1)	-	10/100
--------------------")
S140: myTurn()
R139: OK!(0)
S141: show()
R140: OK!("--------------------
You skip this turn!
Skip turns left: 4

	      Name	-	       Die	-	Position
1.	         a	-	    Normal 6 (x3)	-	23/100
2.	         b	-	    Normal 10 (x1)	-	10/100
--------------------")
S142: myTurn()
R141: OK!(1)
S143: show()
R142: OK!("--------------------
You skip this turn!
Skip turns left: 2

	      Name	-	       Die	-	Position
1.	         a	-	    Normal 6 (x3)	-	23/100
2.	         b	-	    Normal 10 (x1)	-	10/100
--------------------")
S144: play()
R143: OK!("You skip this turn!
Skip turns left: 3
")
S145: myTurn()
R144: OK!(0)
S146: show()
R145: OK!("--------------------
You skip this turn!
Skip turns left: 3

	      Name	-	       Die	-	Position
1.	         a	-	    Normal 6 (x3)	-	23/100
2.	         b	-	    Normal 10 (x1)	-	10/100
--------------------")
S147: myTurn()
R146: OK!(0)
S148: show()
R147: OK!("--------------------
You skip this turn!
Skip turns left: 3

	      Name	-	       Die	-	Position
1.	         a	-	    Normal 6 (x3)	-	23/100
2.	         b	-	    Normal 10 (x1)	-	10/100
--------------------")
S149: myTurn()
R148: OK!(1)
S150: show()
R149: OK!("--------------------
You skip this turn!
Skip turns left: 1

	      Name	-	       Die	-	Position
1.	         a	-	    Normal 6 (x3)	-	23/100
2.	         b	-	    Normal 10 (x1)	-	10/100
--------------------")
S151: play()
R150: OK!("You skip this turn!
Skip turns left: 2
")
S152: myTurn()
R151: OK!(0)
S153: show()
R152: OK!("--------------------
You skip this turn!
Skip turns left: 2

	      Name	-	       Die	-	Position
1.	         a	-	    Normal 6 (x3)	-	23/100
2.	         b	-	    Normal 10 (x1)	-	10/100
--------------------")
S154: myTurn()
R153: OK!(0)
S155: show()
R154: OK!("--------------------
You skip this turn!
Skip turns left: 2

	      Name	-	       Die	-	Position
1.	         a	-	    Normal 6 (x3)	-	23/100
2.	         b	-	    Normal 10 (x1)	-	10/100
--------------------")
S156: myTurn()
R155: OK!(1)
S157: show()
R156: OK!("--------------------
You skip this turn!
Skip turns left: 0

	      Name	-	       Die	-	Position
1.	         a	-	    Normal 6 (x3)	-	23/100
2.	         b	-	    Normal 10 (x1)	-	10/100
--------------------")
S158: play()
R157: OK!("You skip this turn!
Skip turns left: 1
")
S159: myTurn()
R158: OK!(0)
S160: show()
R159: OK!("--------------------
You skip this turn!
Skip turns left: 1

	      Name	-	       Die	-	Position
1.	         a	-	    Normal 6 (x3)	-	23/100
2.	         b	-	    Normal 10 (x1)	-	10/100
--------------------")
S161: myTurn()
R160: OK!(0)
S162: show()
R161: OK!("--------------------
You skip this turn!
Skip turns left: 1

	      Name	-	       Die	-	Position
1.	         a	-	    Normal 6 (x3)	-	23/100
2.	         b	-	    Normal 10 (x1)	-	10/100
--------------------")
S163: myTurn()
R162: OK!(1)
S164: show()
R163: OK!("--------------------
a has moved forward 11 positions
a has dealt the card: "You now lose 10 turns"

	      Name	-	       Die	-	Position
1.	         a	-	    Normal 6 (x3)	-	34/100
2.	         b	-	    Normal 10 (x1)	-	10/100
--------------------")
S165: play()
R164: OK!("You skip this turn!
Skip turns left: 0
")
S166: myTurn()
R165: OK!(0)
S167: show()
R166: OK!("--------------------
You skip this turn!
Skip turns left: 0

	      Name	-	       Die	-	Position
1.	         a	-	    Normal 6 (x3)	-	34/100
2.	         b	-	    Normal 10 (x1)	-	10/100
--------------------")
S168: myTurn()
R167: OK!(0)
S169: show()
R168: OK!("--------------------
You skip this turn!
Skip turns left: 0

	      Name	-	       Die	-	Position
1.	         a	-	    Normal 6 (x3)	-	34/100
2.	         b	-	    Normal 10 (x1)	-	10/100
--------------------")
S170: myTurn()
R169: OK!(1)
S171: show()
R170: OK!("--------------------
You skip this turn!
Skip turns left: 9

	      Name	-	       Die	-	Position
1.	         a	-	    Normal 6 (x3)	-	34/100
2.	         b	-	    Normal 10 (x1)	-	10/100
--------------------")
S172: play()
R171: OK!("b has moved forward 5 positions
b has dealt the card: "You now have 4 dice"
")
S173: myTurn()
R172: OK!(0)
S174: show()
R173: OK!("--------------------
b has moved forward 5 positions
b has dealt the card: "You now have 4 dice"

	      Name	-	       Die	-	Position
1.	         a	-	    Normal 6 (x3)	-	34/100
2.	         b	-	    Normal 10 (x4)	-	15/100
--------------------")
S175: myTurn()
R174: OK!(0)
S176: show()
R175: OK!("--------------------
b has moved forward 5 positions
b has dealt the card: "You now have 4 dice"

	      Name	-	       Die	-	Position
1.	         a	-	    Normal 6 (x3)	-	34/100
2.	         b	-	    Normal 10 (x4)	-	15/100
--------------------")
S177: myTurn()
R176: OK!(1)
S178: show()
R177: OK!("--------------------
You skip this turn!
Skip turns left: 8

	      Name	-	       Die	-	Position
1.	         a	-	    Normal 6 (x3)	-	34/100
2.	         b	-	    Normal 10 (x4)	-	15/100
--------------------")
S179: play()
R178: OK!("b has moved forward 14 positions
b has dealt the card: "You now use a cursed TWELVE-sided die"
")
S180: myTurn()
R179: OK!(0)
S181: show()
R180: OK!("--------------------
b has moved forward 14 positions
b has dealt the card: "You now use a cursed TWELVE-sided die"

	      Name	-	       Die	-	Position
1.	         a	-	    Normal 6 (x3)	-	34/100
2.	         b	-	    Cursed 12 (x4)	-	29/100
--------------------")
S182: myTurn()
R181: OK!(0)
S183: show()
R182: OK!("--------------------
b has moved forward 14 positions
b has dealt the card: "You now use a cursed TWELVE-sided die"

	      Name	-	       Die	-	Position
1.	         a	-	    Normal 6 (x3)	-	34/100
2.	         b	-	    Cursed 12 (x4)	-	29/100
--------------------")
S184: myTurn()
R183: OK!(0)
S185: show()
R184: OK!("--------------------
b has moved forward 14 positions
b has dealt the card: "You now use a cursed TWELVE-sided die"

	      Name	-	       Die	-	Position
1.	         a	-	    Normal 6 (x3)	-	34/100
2.	         b	-	    Cursed 12 (x4)	-	29/100
--------------------")
S186: myTurn()
R185: OK!(0)
S187: show()
R186: OK!("--------------------
b has moved forward 14 positions
b has dealt the card: "You now use a cursed TWELVE-sided die"

	      Name	-	       Die	-	Position
1.	         a	-	    Normal 6 (x3)	-	34/100
2.	         b	-	    Cursed 12 (x4)	-	29/100
--------------------")
S188: myTurn()
R187: OK!(0)
S189: show()
R188: OK!("--------------------
b has moved forward 14 positions
b has dealt the card: "You now use a cursed TWELVE-sided die"

	      Name	-	       Die	-	Position
1.	         a	-	    Normal 6 (x3)	-	34/100
2.	         b	-	    Cursed 12 (x4)	-	29/100
--------------------")
S190: myTurn()
R189: OK!(0)
S191: show()
R190: OK!("--------------------
b has moved forward 14 positions
b has dealt the card: "You now use a cursed TWELVE-sided die"

	      Name	-	       Die	-	Position
1.	         a	-	    Normal 6 (x3)	-	34/100
2.	         b	-	    Cursed 12 (x4)	-	29/100
--------------------")
S192: myTurn()
R191: OK!(0)
S193: show()
R192: OK!("--------------------
b has moved forward 14 positions
b has dealt the card: "You now use a cursed TWELVE-sided die"

	      Name	-	       Die	-	Position
1.	         a	-	    Normal 6 (x3)	-	34/100
2.	         b	-	    Cursed 12 (x4)	-	29/100
--------------------")
S194: myTurn()
R193: OK!(0)
S195: show()
R194: OK!("--------------------
b has moved forward 14 positions
b has dealt the card: "You now use a cursed TWELVE-sided die"

	      Name	-	       Die	-	Position
1.	         a	-	    Normal 6 (x3)	-	34/100
2.	         b	-	    Cursed 12 (x4)	-	29/100
--------------------")
S196: myTurn()
R195: OK!(0)
S197: show()
R196: OK!("--------------------
b has moved forward 14 positions
b has dealt the card: "You now use a cursed TWELVE-sided die"

	      Name	-	       Die	-	Position
1.	         a	-	    Normal 6 (x3)	-	34/100
2.	         b	-	    Cursed 12 (x4)	-	29/100
--------------------")
S198: myTurn()
R197: OK!(0)
S199: show()
R198: OK!("--------------------
b has moved forward 14 positions
b has dealt the card: "You now use a cursed TWELVE-sided die"

	      Name	-	       Die	-	Position
1.	         a	-	    Normal 6 (x3)	-	34/100
2.	         b	-	    Cursed 12 (x4)	-	29/100
--------------------")
S200: myTurn()
R199: OK!(0)
S201: show()
R200: OK!("--------------------
b has moved forward 14 positions
b has dealt the card: "You now use a cursed TWELVE-sided die"

	      Name	-	       Die	-	Position
1.	         a	-	    Normal 6 (x3)	-	34/100
2.	         b	-	    Cursed 12 (x4)	-	29/100
--------------------")
S202: myTurn()
R201: OK!(0)
S203: show()
R202: OK!("--------------------
b has moved forward 14 positions
b has dealt the card: "You now use a cursed TWELVE-sided die"

	      Name	-	       Die	-	Position
1.	         a	-	    Normal 6 (x3)	-	34/100
2.	         b	-	    Cursed 12 (x4)	-	29/100
--------------------")
S204: myTurn()
R203: OK!(0)
S205: show()
R204: OK!("--------------------
b has moved forward 14 positions
b has dealt the card: "You now use a cursed TWELVE-sided die"

	      Name	-	       Die	-	Position
1.	         a	-	    Normal 6 (x3)	-	34/100
2.	         b	-	    Cursed 12 (x4)	-	29/100
--------------------")
S206: myTurn()
R205: OK!(0)
S207: show()
R206: OK!("--------------------
b has moved forward 14 positions
b has dealt the card: "You now use a cursed TWELVE-sided die"

	      Name	-	       Die	-	Position
1.	         a	-	    Normal 6 (x3)	-	34/100
2.	         b	-	    Cursed 12 (x4)	-	29/100
--------------------")
S208: myTurn()
R207: OK!(0)
S209: show()
R208: OK!("--------------------
b has moved forward 14 positions
b has dealt the card: "You now use a cursed TWELVE-sided die"

	      Name	-	       Die	-	Position
1.	         a	-	    Normal 6 (x3)	-	34/100
2.	         b	-	    Cursed 12 (x4)	-	29/100
--------------------")
S210: myTurn()
R209: OK!(1)
S211: show()
R210: OK!("--------------------
You skip this turn!
Skip turns left: 7

	      Name	-	       Die	-	Position
1.	         a	-	    Normal 6 (x3)	-	34/100
2.	         b	-	    Cursed 12 (x4)	-	29/100
--------------------")
S212: play()
R211: OK!("b has moved forward 5 positions
b has dealt the card: "You now lose 2 turns"
")
S213: myTurn()
R212: OK!(0)
S214: show()
R213: OK!("--------------------
b has moved forward 5 positions
b has dealt the card: "You now lose 2 turns"

	      Name	-	       Die	-	Position
1.	         a	-	    Normal 6 (x3)	-	34/100
2.	         b	-	    Cursed 12 (x4)	-	34/100
--------------------")
S215: myTurn()
R214: OK!(0)
S216: show()
R215: OK!("--------------------
b has moved forward 5 positions
b has dealt the card: "You now lose 2 turns"

	      Name	-	       Die	-	Position
1.	         a	-	    Normal 6 (x3)	-	34/100
2.	         b	-	    Cursed 12 (x4)	-	34/100
--------------------")
S217: myTurn()
R216: OK!(1)
S218: show()
R217: OK!("--------------------
You skip this turn!
Skip turns left: 6

	      Name	-	       Die	-	Position
1.	         a	-	    Normal 6 (x3)	-	34/100
2.	         b	-	    Cursed 12 (x4)	-	34/100
--------------------")
S219: play()
R218: OK!("You skip this turn!
Skip turns left: 1
")
S220: myTurn()
R219: OK!(0)
S221: show()
R220: OK!("--------------------
You skip this turn!
Skip turns left: 1

	      Name	-	       Die	-	Position
1.	         a	-	    Normal 6 (x3)	-	34/100
2.	         b	-	    Cursed 12 (x4)	-	34/100
--------------------")
S222: myTurn()
R221: OK!(0)
S223: show()
R222: OK!("--------------------
You skip this turn!
Skip turns left: 1

	      Name	-	       Die	-	Position
1.	         a	-	    Normal 6 (x3)	-	34/100
2.	         b	-	    Cursed 12 (x4)	-	34/100
--------------------")
S224: myTurn()
R223: OK!(1)
S225: show()
R224: OK!("--------------------
You skip this turn!
Skip turns left: 5

	      Name	-	       Die	-	Position
1.	         a	-	    Normal 6 (x3)	-	34/100
2.	         b	-	    Cursed 12 (x4)	-	34/100
--------------------")
S226: play()
R225: OK!("You skip this turn!
Skip turns left: 0
")
S227: myTurn()
R226: OK!(0)
S228: show()
R227: OK!("--------------------
You skip this turn!
Skip turns left: 0

	      Name	-	       Die	-	Position
1.	         a	-	    Normal 6 (x3)	-	34/100
2.	         b	-	    Cursed 12 (x4)	-	34/100
--------------------")
S229: myTurn()
R228: OK!(0)
S230: show()
R229: OK!("--------------------
You skip this turn!
Skip turns left: 0

	      Name	-	       Die	-	Position
1.	         a	-	    Normal 6 (x3)	-	34/100
2.	         b	-	    Cursed 12 (x4)	-	34/100
--------------------")
S231: myTurn()
R230: OK!(1)
S232: show()
R231: OK!("--------------------
You skip this turn!
Skip turns left: 4

	      Name	-	       Die	-	Position
1.	         a	-	    Normal 6 (x3)	-	34/100
2.	         b	-	    Cursed 12 (x4)	-	34/100
--------------------")
S233: play()
R232: OK!("b has moved backwards -28 positions
b has dealt the card: "Your die has been reset"
")
S234: myTurn()
R233: OK!(0)
S235: show()
R234: OK!("--------------------
b has moved backwards -28 positions
b has dealt the card: "Your die has been reset"

	      Name	-	       Die	-	Position
1.	         a	-	    Normal 6 (x3)	-	34/100
2.	         b	-	    Normal 6 (x4)	-	6/100
--------------------")
S236: myTurn()
R235: OK!(0)
S237: show()
R236: OK!("--------------------
b has moved backwards -28 positions
b has dealt the card: "Your die has been reset"

	      Name	-	       Die	-	Position
1.	         a	-	    Normal 6 (x3)	-	34/100
2.	         b	-	    Normal 6 (x4)	-	6/100
--------------------")
S238: myTurn()
R237: OK!(1)
S239: show()
R238: OK!("--------------------
You skip this turn!
Skip turns left: 3

	      Name	-	       Die	-	Position
1.	         a	-	    Normal 6 (x3)	-	34/100
2.	         b	-	    Normal 6 (x4)	-	6/100
--------------------")
S240: play()
R239: OK!("b has moved forward 13 positions
b has dealt the card: "You now lose 7 turns"
")
S241: myTurn()
R240: OK!(0)
S242: show()
R241: OK!("--------------------
b has moved forward 13 positions
b has dealt the card: "You now lose 7 turns"

	      Name	-	       Die	-	Position
1.	         a	-	    Normal 6 (x3)	-	34/100
2.	         b	-	    Normal 6 (x4)	-	19/100
--------------------")
S243: myTurn()
R242: OK!(0)
S244: show()
R243: OK!("--------------------
b has moved forward 13 positions
b has dealt the card: "You now lose 7 turns"

	      Name	-	       Die	-	Position
1.	         a	-	    Normal 6 (x3)	-	34/100
2.	         b	-	    Normal 6 (x4)	-	19/100
--------------------")
S245: myTurn()
R244: OK!(1)
S246: show()
R245: OK!("--------------------
You skip this turn!
Skip turns left: 2

	      Name	-	       Die	-	Position
1.	         a	-	    Normal 6 (x3)	-	34/100
2.	         b	-	    Normal 6 (x4)	-	19/100
--------------------")
S247: play()
R246: OK!("You skip this turn!
Skip turns left: 6
")
S248: myTurn()
R247: OK!(0)
S249: show()
R248: OK!("--------------------
You skip this turn!
Skip turns left: 6

	      Name	-	       Die	-	Position
1.	         a	-	    Normal 6 (x3)	-	34/100
2.	         b	-	    Normal 6 (x4)	-	19/100
--------------------")
S250: myTurn()
R249: OK!(0)
S251: show()
R250: OK!("--------------------
You skip this turn!
Skip turns left: 6

	      Name	-	       Die	-	Position
1.	         a	-	    Normal 6 (x3)	-	34/100
2.	         b	-	    Normal 6 (x4)	-	19/100
--------------------")
S252: myTurn()
R251: OK!(1)
S253: show()
R252: OK!("--------------------
You skip this turn!
Skip turns left: 1

	      Name	-	       Die	-	Position
1.	         a	-	    Normal 6 (x3)	-	34/100
2.	         b	-	    Normal 6 (x4)	-	19/100
--------------------")
S254: play()
R253: OK!("You skip this turn!
Skip turns left: 5
")
S255: myTurn()
R254: OK!(0)
S256: show()
R255: OK!("--------------------
You skip this turn!
Skip turns left: 5

	      Name	-	       Die	-	Position
1.	         a	-	    Normal 6 (x3)	-	34/100
2.	         b	-	    Normal 6 (x4)	-	19/100
--------------------")
S257: myTurn()
R256: OK!(0)
S258: show()
R257: OK!("--------------------
You skip this turn!
Skip turns left: 5

	      Name	-	       Die	-	Position
1.	         a	-	    Normal 6 (x3)	-	34/100
2.	         b	-	    Normal 6 (x4)	-	19/100
--------------------")
S259: myTurn()
R258: OK!(1)
S260: show()
R259: OK!("--------------------
You skip this turn!
Skip turns left: 0

	      Name	-	       Die	-	Position
1.	         a	-	    Normal 6 (x3)	-	34/100
2.	         b	-	    Normal 6 (x4)	-	19/100
--------------------")
S261: play()
R260: OK!("You skip this turn!
Skip turns left: 4
")
S262: myTurn()
R261: OK!(0)
S263: show()
R262: OK!("--------------------
You skip this turn!
Skip turns left: 4

	      Name	-	       Die	-	Position
1.	         a	-	    Normal 6 (x3)	-	34/100
2.	         b	-	    Normal 6 (x4)	-	19/100
--------------------")
S264: myTurn()
R263: OK!(0)
S265: show()
R264: OK!("--------------------
You skip this turn!
Skip turns left: 4

	      Name	-	       Die	-	Position
1.	         a	-	    Normal 6 (x3)	-	34/100
2.	         b	-	    Normal 6 (x4)	-	19/100
--------------------")
S266: myTurn()
R265: OK!(1)
S267: show()
R266: OK!("--------------------
a has moved forward 11 positions
a has dealt the card: "You now have 2 dice"

	      Name	-	       Die	-	Position
1.	         a	-	    Normal 6 (x2)	-	45/100
2.	         b	-	    Normal 6 (x4)	-	19/100
--------------------")
S268: play()
R267: OK!("You skip this turn!
Skip turns left: 3
")
S269: myTurn()
R268: OK!(0)
S270: show()
R269: OK!("--------------------
You skip this turn!
Skip turns left: 3

	      Name	-	       Die	-	Position
1.	         a	-	    Normal 6 (x2)	-	45/100
2.	         b	-	    Normal 6 (x4)	-	19/100
--------------------")
S271: myTurn()
R270: OK!(0)
S272: show()
R271: OK!("--------------------
You skip this turn!
Skip turns left: 3

	      Name	-	       Die	-	Position
1.	         a	-	    Normal 6 (x2)	-	45/100
2.	         b	-	    Normal 6 (x4)	-	19/100
--------------------")
S273: myTurn()
R272: OK!(1)
S274: show()
R273: OK!("--------------------
a has moved forward 6 positions
a has dealt the card: "You switch position with a random player"

	      Name	-	       Die	-	Position
1.	         a	-	    Normal 6 (x2)	-	51/100
2.	         b	-	    Normal 6 (x4)	-	19/100
--------------------")
S275: play()
R274: OK!("You skip this turn!
Skip turns left: 2
")
S276: myTurn()
R275: OK!(0)
S277: show()
R276: OK!("--------------------
You skip this turn!
Skip turns left: 2

	      Name	-	       Die	-	Position
1.	         a	-	    Normal 6 (x2)	-	51/100
2.	         b	-	    Normal 6 (x4)	-	19/100
--------------------")
S278: myTurn()
R277: OK!(0)
S279: show()
R278: OK!("--------------------
You skip this turn!
Skip turns left: 2

	      Name	-	       Die	-	Position
1.	         a	-	    Normal 6 (x2)	-	51/100
2.	         b	-	    Normal 6 (x4)	-	19/100
--------------------")
S280: myTurn()
R279: OK!(0)
S281: show()
R280: OK!("--------------------
You skip this turn!
Skip turns left: 2

	      Name	-	       Die	-	Position
1.	         a	-	    Normal 6 (x2)	-	51/100
2.	         b	-	    Normal 6 (x4)	-	19/100
--------------------")
S282: myTurn()
R281: OK!(0)
S283: show()
R282: OK!("--------------------
You skip this turn!
Skip turns left: 2

	      Name	-	       Die	-	Position
1.	         a	-	    Normal 6 (x2)	-	51/100
2.	         b	-	    Normal 6 (x4)	-	19/100
--------------------")
S284: myTurn()
R283: OK!(0)
S285: show()
R284: OK!("--------------------
You skip this turn!
Skip turns left: 2

	      Name	-	       Die	-	Position
1.	         a	-	    Normal 6 (x2)	-	51/100
2.	         b	-	    Normal 6 (x4)	-	19/100
--------------------")
S286: myTurn()
R285: OK!(0)
S287: show()
R286: OK!("--------------------
You skip this turn!
Skip turns left: 2

	      Name	-	       Die	-	Position
1.	         a	-	    Normal 6 (x2)	-	51/100
2.	         b	-	    Normal 6 (x4)	-	19/100
--------------------")
S288: myTurn()
R287: OK!(0)
S289: show()
R288: OK!("--------------------
You skip this turn!
Skip turns left: 2

	      Name	-	       Die	-	Position
1.	         a	-	    Normal 6 (x2)	-	51/100
2.	         b	-	    Normal 6 (x4)	-	19/100
--------------------")
S290: myTurn()
R289: OK!(0)
S291: show()
R290: OK!("--------------------
You skip this turn!
Skip turns left: 2

	      Name	-	       Die	-	Position
1.	         a	-	    Normal 6 (x2)	-	51/100
2.	         b	-	    Normal 6 (x4)	-	19/100
--------------------")
S292: myTurn()
R291: OK!(0)
S293: show()
R292: OK!("--------------------
You skip this turn!
Skip turns left: 2

	      Name	-	       Die	-	Position
1.	         a	-	    Normal 6 (x2)	-	51/100
2.	         b	-	    Normal 6 (x4)	-	19/100
--------------------")
S294: myTurn()
R293: OK!(0)
S295: show()
R294: OK!("--------------------
You skip this turn!
Skip turns left: 2

	      Name	-	       Die	-	Position
1.	         a	-	    Normal 6 (x2)	-	51/100
2.	         b	-	    Normal 6 (x4)	-	19/100
--------------------")
S296: myTurn()
R295: OK!(0)
S297: show()
R296: OK!("--------------------
You skip this turn!
Skip turns left: 2

	      Name	-	       Die	-	Position
1.	         a	-	    Normal 6 (x2)	-	51/100
2.	         b	-	    Normal 6 (x4)	-	19/100
--------------------")
S298: myTurn()
R297: OK!(0)
S299: show()
R298: OK!("--------------------
You skip this turn!
Skip turns left: 2

	      Name	-	       Die	-	Position
1.	         a	-	    Normal 6 (x2)	-	51/100
2.	         b	-	    Normal 6 (x4)	-	19/100
--------------------")
S300: myTurn()
R299: OK!(0)
S301: show()
R300: OK!("--------------------
You skip this turn!
Skip turns left: 2

	      Name	-	       Die	-	Position
1.	         a	-	    Normal 6 (x2)	-	51/100
2.	         b	-	    Normal 6 (x4)	-	19/100
--------------------")
S302: myTurn()
R301: OK!(0)
S303: show()
R302: OK!("--------------------
You skip this turn!
Skip turns left: 2

	      Name	-	       Die	-	Position
1.	         a	-	    Normal 6 (x2)	-	51/100
2.	         b	-	    Normal 6 (x4)	-	19/100
--------------------")
S304: myTurn()
R303: OK!(0)
S305: show()
R304: OK!("--------------------
You skip this turn!
Skip turns left: 2

	      Name	-	       Die	-	Position
1.	         a	-	    Normal 6 (x2)	-	51/100
2.	         b	-	    Normal 6 (x4)	-	19/100
--------------------")
S306: myTurn()
R305: OK!(0)
S307: show()
R306: OK!("--------------------
You skip this turn!
Skip turns left: 2

	      Name	-	       Die	-	Position
1.	         a	-	    Normal 6 (x2)	-	51/100
2.	         b	-	    Normal 6 (x4)	-	19/100
--------------------")
S308: myTurn()
R307: OK!(0)
S309: show()
R308: OK!("--------------------
You skip this turn!
Skip turns left: 2

	      Name	-	       Die	-	Position
1.	         a	-	    Normal 6 (x2)	-	51/100
2.	         b	-	    Normal 6 (x4)	-	19/100
--------------------")
S310: myTurn()
R309: OK!(0)
S311: show()
R310: OK!("--------------------
You skip this turn!
Skip turns left: 2

	      Name	-	       Die	-	Position
1.	         a	-	    Normal 6 (x2)	-	51/100
2.	         b	-	    Normal 6 (x4)	-	19/100
--------------------")
S312: myTurn()
R311: OK!(0)
S313: show()
R312: OK!("--------------------
You skip this turn!
Skip turns left: 2

	      Name	-	       Die	-	Position
1.	         a	-	    Normal 6 (x2)	-	51/100
2.	         b	-	    Normal 6 (x4)	-	19/100
--------------------")
S314: myTurn()
R313: OK!(0)
S315: show()
R314: OK!("--------------------
You skip this turn!
Skip turns left: 2

	      Name	-	       Die	-	Position
1.	         a	-	    Normal 6 (x2)	-	51/100
2.	         b	-	    Normal 6 (x4)	-	19/100
--------------------")
S316: myTurn()
R315: OK!(0)
S317: show()
R316: OK!("--------------------
You skip this turn!
Skip turns left: 2

	      Name	-	       Die	-	Position
1.	         a	-	    Normal 6 (x2)	-	51/100
2.	         b	-	    Normal 6 (x4)	-	19/100
--------------------")
S318: myTurn()
R317: OK!(0)
S319: show()
R318: OK!("--------------------
You skip this turn!
Skip turns left: 2

	      Name	-	       Die	-	Position
1.	         a	-	    Normal 6 (x2)	-	51/100
2.	         b	-	    Normal 6 (x4)	-	19/100
--------------------")
S320: myTurn()
R319: OK!(0)
S321: show()
R320: OK!("--------------------
You skip this turn!
Skip turns left: 2

	      Name	-	       Die	-	Position
1.	         a	-	    Normal 6 (x2)	-	51/100
2.	         b	-	    Normal 6 (x4)	-	19/100
--------------------")
S322: myTurn()
R321: OK!(0)
S323: show()
R322: OK!("--------------------
You skip this turn!
Skip turns left: 2

	      Name	-	       Die	-	Position
1.	         a	-	    Normal 6 (x2)	-	51/100
2.	         b	-	    Normal 6 (x4)	-	19/100
--------------------")
S324: myTurn()
R323: OK!(0)
S325: show()
R324: OK!("--------------------
You skip this turn!
Skip turns left: 2

	      Name	-	       Die	-	Position
1.	         a	-	    Normal 6 (x2)	-	51/100
2.	         b	-	    Normal 6 (x4)	-	19/100
--------------------")
S326: myTurn()
R325: OK!(0)
S327: show()
R326: OK!("--------------------
You skip this turn!
Skip turns left: 2

	      Name	-	       Die	-	Position
1.	         a	-	    Normal 6 (x2)	-	51/100
2.	         b	-	    Normal 6 (x4)	-	19/100
--------------------")
S328: myTurn()
R327: OK!(0)
S329: show()
R328: OK!("--------------------
You skip this turn!
Skip turns left: 2

	      Name	-	       Die	-	Position
1.	         a	-	    Normal 6 (x2)	-	51/100
2.	         b	-	    Normal 6 (x4)	-	19/100
--------------------")
S330: myTurn()
R329: OK!(0)
S331: show()
R330: OK!("--------------------
You skip this turn!
Skip turns left: 2

	      Name	-	       Die	-	Position
1.	         a	-	    Normal 6 (x2)	-	51/100
2.	         b	-	    Normal 6 (x4)	-	19/100
--------------------")
S332: myTurn()
R331: OK!(0)
S333: show()
R332: OK!("--------------------
You skip this turn!
Skip turns left: 2

	      Name	-	       Die	-	Position
1.	         a	-	    Normal 6 (x2)	-	51/100
2.	         b	-	    Normal 6 (x4)	-	19/100
--------------------")
S334: myTurn()
R333: OK!(0)
S335: show()
R334: OK!("--------------------
You skip this turn!
Skip turns left: 2

	      Name	-	       Die	-	Position
1.	         a	-	    Normal 6 (x2)	-	51/100
2.	         b	-	    Normal 6 (x4)	-	19/100
--------------------")
S336: myTurn()
R335: OK!(0)
S337: show()
R336: OK!("--------------------
You skip this turn!
Skip turns left: 2

	      Name	-	       Die	-	Position
1.	         a	-	    Normal 6 (x2)	-	51/100
2.	         b	-	    Normal 6 (x4)	-	19/100
--------------------")
S338: myTurn()
R337: OK!(0)
S339: show()
R338: OK!("--------------------
You skip this turn!
Skip turns left: 2

	      Name	-	       Die	-	Position
1.	         a	-	    Normal 6 (x2)	-	51/100
2.	         b	-	    Normal 6 (x4)	-	19/100
--------------------")
S340: myTurn()
R339: OK!(0)
S341: show()
R340: OK!("--------------------
You skip this turn!
Skip turns left: 2

	      Name	-	       Die	-	Position
1.	         a	-	    Normal 6 (x2)	-	51/100
2.	         b	-	    Normal 6 (x4)	-	19/100
--------------------")
S342: myTurn()
R341: OK!(0)
S343: show()
R342: OK!("--------------------
You skip this turn!
Skip turns left: 2

	      Name	-	       Die	-	Position
1.	         a	-	    Normal 6 (x2)	-	51/100
2.	         b	-	    Normal 6 (x4)	-	19/100
--------------------")
S344: myTurn()
R343: OK!(0)
S345: show()
R344: OK!("--------------------
You skip this turn!
Skip turns left: 2

	      Name	-	       Die	-	Position
1.	         a	-	    Normal 6 (x2)	-	51/100
2.	         b	-	    Normal 6 (x4)	-	19/100
--------------------")
S346: myTurn()
R345: OK!(0)
S347: show()
R346: OK!("--------------------
You skip this turn!
Skip turns left: 2

	      Name	-	       Die	-	Position
1.	         a	-	    Normal 6 (x2)	-	51/100
2.	         b	-	    Normal 6 (x4)	-	19/100
--------------------")
S348: myTurn()
R347: OK!(0)
S349: show()
R348: OK!("--------------------
You skip this turn!
Skip turns left: 2

	      Name	-	       Die	-	Position
1.	         a	-	    Normal 6 (x2)	-	51/100
2.	         b	-	    Normal 6 (x4)	-	19/100
--------------------")
S350: myTurn()
R349: OK!(0)
S351: show()
R350: OK!("--------------------
You skip this turn!
Skip turns left: 2

	      Name	-	       Die	-	Position
1.	         a	-	    Normal 6 (x2)	-	51/100
2.	         b	-	    Normal 6 (x4)	-	19/100
--------------------")
S352: myTurn()
R351: OK!(0)
S353: show()
R352: OK!("--------------------
You skip this turn!
Skip turns left: 2

	      Name	-	       Die	-	Position
1.	         a	-	    Normal 6 (x2)	-	51/100
2.	         b	-	    Normal 6 (x4)	-	19/100
--------------------")
S354: myTurn()
R353: OK!(0)
S355: show()
R354: OK!("--------------------
You skip this turn!
Skip turns left: 2

	      Name	-	       Die	-	Position
1.	         a	-	    Normal 6 (x2)	-	51/100
2.	         b	-	    Normal 6 (x4)	-	19/100
--------------------")
S356: myTurn()
R355: OK!(0)
S357: show()
R356: OK!("--------------------
You skip this turn!
Skip turns left: 2

	      Name	-	       Die	-	Position
1.	         a	-	    Normal 6 (x2)	-	51/100
2.	         b	-	    Normal 6 (x4)	-	19/100
--------------------")
S358: myTurn()
R357: OK!(1)
S359: show()
R358: OK!("--------------------
a has moved forward 9 positions
a has dealt the card: "You now use a cursed TEN-sided die"

	      Name	-	       Die	-	Position
1.	         a	-	    Cursed 10 (x2)	-	60/100
2.	         b	-	    Normal 6 (x4)	-	19/100
--------------------")
S360: play()
R359: OK!("You skip this turn!
Skip turns left: 1
")
S361: myTurn()
R360: OK!(0)
S362: show()
R361: OK!("--------------------
You skip this turn!
Skip turns left: 1

	      Name	-	       Die	-	Position
1.	         a	-	    Cursed 10 (x2)	-	60/100
2.	         b	-	    Normal 6 (x4)	-	19/100
--------------------")
S363: myTurn()
R362: OK!(0)
S364: show()
R363: OK!("--------------------
You skip this turn!
Skip turns left: 1

	      Name	-	       Die	-	Position
1.	         a	-	    Cursed 10 (x2)	-	60/100
2.	         b	-	    Normal 6 (x4)	-	19/100
--------------------")
S365: myTurn()
R364: OK!(1)
S366: show()
R365: OK!("--------------------
a has moved forward 5 positions
a has dealt the card: "You now use a normal EIGHT-sided die"

	      Name	-	       Die	-	Position
1.	         a	-	    Normal 8 (x2)	-	65/100
2.	         b	-	    Normal 6 (x4)	-	19/100
--------------------")
S367: play()
R366: OK!("You skip this turn!
Skip turns left: 0
")
S368: myTurn()
R367: OK!(0)
S369: show()
R368: OK!("--------------------
You skip this turn!
Skip turns left: 0

	      Name	-	       Die	-	Position
1.	         a	-	    Normal 8 (x2)	-	65/100
2.	         b	-	    Normal 6 (x4)	-	19/100
--------------------")
S370: myTurn()
R369: OK!(0)
S371: show()
R370: OK!("--------------------
You skip this turn!
Skip turns left: 0

	      Name	-	       Die	-	Position
1.	         a	-	    Normal 8 (x2)	-	65/100
2.	         b	-	    Normal 6 (x4)	-	19/100
--------------------")
S372: myTurn()
R371: OK!(1)
S373: show()
R372: OK!("--------------------
a has moved forward 14 positions
a has dealt the card: "You now lose 4 turns"

	      Name	-	       Die	-	Position
1.	         a	-	    Normal 8 (x2)	-	79/100
2.	         b	-	    Normal 6 (x4)	-	19/100
--------------------")
S374: play()
R373: OK!("b has moved forward 12 positions
b has dealt the card: "You now lose 3 turns"
")
S375: myTurn()
R374: OK!(0)
S376: show()
R375: OK!("--------------------
b has moved forward 12 positions
b has dealt the card: "You now lose 3 turns"

	      Name	-	       Die	-	Position
1.	         a	-	    Normal 8 (x2)	-	79/100
2.	         b	-	    Normal 6 (x4)	-	31/100
--------------------")
S377: myTurn()
R376: OK!(0)
S378: show()
R377: OK!("--------------------
b has moved forward 12 positions
b has dealt the card: "You now lose 3 turns"

	      Name	-	       Die	-	Position
1.	         a	-	    Normal 8 (x2)	-	79/100
2.	         b	-	    Normal 6 (x4)	-	31/100
--------------------")
S379: myTurn()
R378: OK!(1)
S380: show()
R379: OK!("--------------------
You skip this turn!
Skip turns left: 3

	      Name	-	       Die	-	Position
1.	         a	-	    Normal 8 (x2)	-	79/100
2.	         b	-	    Normal 6 (x4)	-	31/100
--------------------")
S381: play()
R380: OK!("You skip this turn!
Skip turns left: 2
")
S382: myTurn()
R381: OK!(0)
S383: show()
R382: OK!("--------------------
You skip this turn!
Skip turns left: 2

	      Name	-	       Die	-	Position
1.	         a	-	    Normal 8 (x2)	-	79/100
2.	         b	-	    Normal 6 (x4)	-	31/100
--------------------")
S384: myTurn()
R383: OK!(0)
S385: show()
R384: OK!("--------------------
You skip this turn!
Skip turns left: 2

	      Name	-	       Die	-	Position
1.	         a	-	    Normal 8 (x2)	-	79/100
2.	         b	-	    Normal 6 (x4)	-	31/100
--------------------")
S386: myTurn()
R385: OK!(1)
S387: show()
R386: OK!("--------------------
You skip this turn!
Skip turns left: 2

	      Name	-	       Die	-	Position
1.	         a	-	    Normal 8 (x2)	-	79/100
2.	         b	-	    Normal 6 (x4)	-	31/100
--------------------")
S388: play()
R387: OK!("You skip this turn!
Skip turns left: 1
")
S389: myTurn()
R388: OK!(0)
S390: show()
R389: OK!("--------------------
You skip this turn!
Skip turns left: 1

	      Name	-	       Die	-	Position
1.	         a	-	    Normal 8 (x2)	-	79/100
2.	         b	-	    Normal 6 (x4)	-	31/100
--------------------")
S391: myTurn()
R390: OK!(0)
S392: show()
R391: OK!("--------------------
You skip this turn!
Skip turns left: 1

	      Name	-	       Die	-	Position
1.	         a	-	    Normal 8 (x2)	-	79/100
2.	         b	-	    Normal 6 (x4)	-	31/100
--------------------")
S393: myTurn()
R392: OK!(1)
S394: show()
R393: OK!("--------------------
You skip this turn!
Skip turns left: 1

	      Name	-	       Die	-	Position
1.	         a	-	    Normal 8 (x2)	-	79/100
2.	         b	-	    Normal 6 (x4)	-	31/100
--------------------")
S395: play()
R394: OK!("You skip this turn!
Skip turns left: 0
")
S396: myTurn()
R395: OK!(0)
S397: show()
R396: OK!("--------------------
You skip this turn!
Skip turns left: 0

	      Name	-	       Die	-	Position
1.	         a	-	    Normal 8 (x2)	-	79/100
2.	         b	-	    Normal 6 (x4)	-	31/100
--------------------")
S398: myTurn()
R397: OK!(0)
S399: show()
R398: OK!("--------------------
You skip this turn!
Skip turns left: 0

	      Name	-	       Die	-	Position
1.	         a	-	    Normal 8 (x2)	-	79/100
2.	         b	-	    Normal 6 (x4)	-	31/100
--------------------")
S400: myTurn()
R399: OK!(1)
S401: show()
R400: OK!("--------------------
You skip this turn!
Skip turns left: 0

	      Name	-	       Die	-	Position
1.	         a	-	    Normal 8 (x2)	-	79/100
2.	         b	-	    Normal 6 (x4)	-	31/100
--------------------")
S402: play()
R401: OK!("b has moved forward 17 positions
b has dealt the card: "Everybody goes back to the start"
")
S403: myTurn()
R402: OK!(0)
S404: show()
R403: OK!("--------------------
b has moved forward 17 positions
b has dealt the card: "Everybody goes back to the start"

	      Name	-	       Die	-	Position
1.	         a	-	    Normal 8 (x2)	-	0/100
2.	         b	-	    Normal 6 (x4)	-	0/100
--------------------")
S405: myTurn()
R404: OK!(0)
S406: show()
R405: OK!("--------------------
b has moved forward 17 positions
b has dealt the card: "Everybody goes back to the start"

	      Name	-	       Die	-	Position
1.	         a	-	    Normal 8 (x2)	-	0/100
2.	         b	-	    Normal 6 (x4)	-	0/100
--------------------")
S407: myTurn()
R406: OK!(0)
S408: show()
R407: OK!("--------------------
b has moved forward 17 positions
b has dealt the card: "Everybody goes back to the start"

	      Name	-	       Die	-	Position
1.	         a	-	    Normal 8 (x2)	-	0/100
2.	         b	-	    Normal 6 (x4)	-	0/100
--------------------")
S409: myTurn()
R408: OK!(0)
S410: show()
R409: OK!("--------------------
b has moved forward 17 positions
b has dealt the card: "Everybody goes back to the start"

	      Name	-	       Die	-	Position
1.	         a	-	    Normal 8 (x2)	-	0/100
2.	         b	-	    Normal 6 (x4)	-	0/100
--------------------")
S411: myTurn()
R410: OK!(1)
S412: show()
R411: OK!("--------------------
a has moved forward 11 positions
a has dealt the card: "You now lose 1 turns"

	      Name	-	       Die	-	Position
1.	         a	-	    Normal 8 (x2)	-	11/100
2.	         b	-	    Normal 6 (x4)	-	0/100
--------------------")
